# JRE version: OpenJDK Runtime Environment (8.0_202-b03) (build 1.8.0_202-release-1483-b03)
# Java VM: OpenJDK Server VM (25.202-b03 mixed mode windows-x86 )
Heap:
 PSYoungGen      total 157696K, used 74429K [0x3bac0000, 0x46dc0000, 0x51000000)
  eden space 143104K, 50% used [0x3bac0000,0x4014ec08,0x44680000)
  from space 14592K, 14% used [0x44680000,0x448a0b90,0x454c0000)
  to   space 12800K, 0% used [0x454c0000,0x454c0000,0x46140000)
 ParOldGen       total 39424K, used 39357K [0x11000000, 0x13680000, 0x3bac0000)
  object space 39424K, 99% used [0x11000000,0x1366f648,0x13680000)
 Metaspace       used 43235K, capacity 44231K, committed 44288K, reserved 44416K
GC Heap History (10 events):
Event: 29.996 GC heap before
{Heap before GC invocations=14 (full 2):
 PSYoungGen      total 128000K, used 5715K [0x3bac0000, 0x45340000, 0x51000000)
  eden space 118272K, 0% used [0x3bac0000,0x3bac0000,0x42e40000)
  from space 9728K, 58% used [0x437c0000,0x43d54d88,0x44140000)
  to   space 9728K, 0% used [0x42e40000,0x42e40000,0x437c0000)
 ParOldGen       total 27392K, used 17044K [0x11000000, 0x12ac0000, 0x3bac0000)
  object space 27392K, 62% used [0x11000000,0x120a5000,0x12ac0000)
 Metaspace       used 26736K, capacity 27254K, committed 27308K, reserved 28032K
Event: 30.531 GC heap after
Heap after GC invocations=14 (full 2):
 PSYoungGen      total 128000K, used 0K [0x3bac0000, 0x45340000, 0x51000000)
  eden space 118272K, 0% used [0x3bac0000,0x3bac0000,0x42e40000)
  from space 9728K, 0% used [0x437c0000,0x437c0000,0x44140000)
  to   space 9728K, 0% used [0x42e40000,0x42e40000,0x437c0000)
 ParOldGen       total 39424K, used 17326K [0x11000000, 0x13680000, 0x3bac0000)
  object space 39424K, 43% used [0x11000000,0x120ebb50,0x13680000)
 Metaspace       used 26733K, capacity 27247K, committed 27308K, reserved 28032K
}
Event: 36.844 GC heap before
{Heap before GC invocations=15 (full 2):
 PSYoungGen      total 128000K, used 118272K [0x3bac0000, 0x45340000, 0x51000000)
  eden space 118272K, 100% used [0x3bac0000,0x42e40000,0x42e40000)
  from space 9728K, 0% used [0x437c0000,0x437c0000,0x44140000)
  to   space 9728K, 0% used [0x42e40000,0x42e40000,0x437c0000)
 ParOldGen       total 39424K, used 17326K [0x11000000, 0x13680000, 0x3bac0000)
  object space 39424K, 43% used [0x11000000,0x120ebb50,0x13680000)
 Metaspace       used 33311K, capacity 34105K, committed 34176K, reserved 34176K
Event: 36.903 GC heap after
Heap after GC invocations=15 (full 2):
 PSYoungGen      total 128000K, used 9727K [0x3bac0000, 0x46140000, 0x51000000)
  eden space 118272K, 0% used [0x3bac0000,0x3bac0000,0x42e40000)
  from space 9728K, 99% used [0x42e40000,0x437bfca8,0x437c0000)
  to   space 12800K, 0% used [0x454c0000,0x454c0000,0x46140000)
 ParOldGen       total 39424K, used 21993K [0x11000000, 0x13680000, 0x3bac0000)
  object space 39424K, 55% used [0x11000000,0x1257a668,0x13680000)
 Metaspace       used 33311K, capacity 34105K, committed 34176K, reserved 34176K
}
Event: 44.731 GC heap before
{Heap before GC invocations=16 (full 2):
 PSYoungGen      total 128000K, used 127999K [0x3bac0000, 0x46140000, 0x51000000)
  eden space 118272K, 100% used [0x3bac0000,0x42e40000,0x42e40000)
  from space 9728K, 99% used [0x42e40000,0x437bfca8,0x437c0000)
  to   space 12800K, 0% used [0x454c0000,0x454c0000,0x46140000)
 ParOldGen       total 39424K, used 21993K [0x11000000, 0x13680000, 0x3bac0000)
  object space 39424K, 55% used [0x11000000,0x1257a668,0x13680000)
 Metaspace       used 39362K, capacity 40342K, committed 40448K, reserved 41344K
Event: 45.161 GC heap after
Heap after GC invocations=16 (full 2):
 PSYoungGen      total 155904K, used 12299K [0x3bac0000, 0x46dc0000, 0x51000000)
  eden space 143104K, 0% used [0x3bac0000,0x3bac0000,0x44680000)
  from space 12800K, 96% used [0x454c0000,0x460c2c18,0x46140000)
  to   space 14592K, 0% used [0x44680000,0x44680000,0x454c0000)
 ParOldGen       total 39424K, used 29342K [0x11000000, 0x13680000, 0x3bac0000)
  object space 39424K, 74% used [0x11000000,0x12ca7898,0x13680000)
 Metaspace       used 39362K, capacity 40342K, committed 40448K, reserved 41344K
}
Event: 56.611 GC heap before
{Heap before GC invocations=17 (full 2):
 PSYoungGen      total 155904K, used 155403K [0x3bac0000, 0x46dc0000, 0x51000000)
  eden space 143104K, 100% used [0x3bac0000,0x44680000,0x44680000)
  from space 12800K, 96% used [0x454c0000,0x460c2c18,0x46140000)
  to   space 14592K, 0% used [0x44680000,0x44680000,0x454c0000)
 ParOldGen       total 39424K, used 29342K [0x11000000, 0x13680000, 0x3bac0000)
  object space 39424K, 74% used [0x11000000,0x12ca7898,0x13680000)
 Metaspace       used 41601K, capacity 42612K, committed 42624K, reserved 43392K
Event: 56.754 GC heap after
Heap after GC invocations=17 (full 2):
 PSYoungGen      total 157696K, used 14588K [0x3bac0000, 0x46dc0000, 0x51000000)
  eden space 143104K, 0% used [0x3bac0000,0x3bac0000,0x44680000)
  from space 14592K, 99% used [0x44680000,0x454bf0d0,0x454c0000)
  to   space 12800K, 0% used [0x454c0000,0x454c0000,0x46140000)
 ParOldGen       total 39424K, used 35923K [0x11000000, 0x13680000, 0x3bac0000)
  object space 39424K, 91% used [0x11000000,0x13314e00,0x13680000)
 Metaspace       used 41601K, capacity 42612K, committed 42624K, reserved 43392K
}
Event: 56.756 GC heap before
{Heap before GC invocations=18 (full 3):
 PSYoungGen      total 157696K, used 14588K [0x3bac0000, 0x46dc0000, 0x51000000)
  eden space 143104K, 0% used [0x3bac0000,0x3bac0000,0x44680000)
  from space 14592K, 99% used [0x44680000,0x454bf0d0,0x454c0000)
  to   space 12800K, 0% used [0x454c0000,0x454c0000,0x46140000)
 ParOldGen       total 39424K, used 35923K [0x11000000, 0x13680000, 0x3bac0000)
  object space 39424K, 91% used [0x11000000,0x13314e00,0x13680000)
 Metaspace       used 41601K, capacity 42612K, committed 42624K, reserved 43392K
Event: 57.576 GC heap after
Heap after GC invocations=18 (full 3):
 PSYoungGen      total 157696K, used 2178K [0x3bac0000, 0x46dc0000, 0x51000000)
  eden space 143104K, 0% used [0x3bac0000,0x3bac0000,0x44680000)
  from space 14592K, 14% used [0x44680000,0x448a0b90,0x454c0000)
  to   space 12800K, 0% used [0x454c0000,0x454c0000,0x46140000)
 ParOldGen       total 39424K, used 39357K [0x11000000, 0x13680000, 0x3bac0000)
  object space 39424K, 99% used [0x11000000,0x1366f648,0x13680000)
 Metaspace       used 41574K, capacity 42552K, committed 42624K, reserved 43392K
}

