# JRE version: OpenJDK Runtime Environment (8.0_202-b03) (build 1.8.0_202-release-1483-b03)
# Java VM: OpenJDK Server VM (25.202-b03 mixed mode windows-x86 )
Heap:
 PSYoungGen      total 153600K, used 134628K [0x3bcc0000, 0x476c0000, 0x51200000)
  eden space 139520K, 92% used [0x3bcc0000,0x43a753a8,0x44500000)
  from space 14080K, 41% used [0x45900000,0x45ec3ce0,0x466c0000)
  to   space 20480K, 0% used [0x44500000,0x44500000,0x45900000)
 ParOldGen       total 72704K, used 41646K [0x11200000, 0x15900000, 0x3bcc0000)
  object space 72704K, 57% used [0x11200000,0x13aab988,0x15900000)
 Metaspace       used 46230K, capacity 47491K, committed 47616K, reserved 48512K
GC Heap History (10 events):
Event: 38.138 GC heap before
{Heap before GC invocations=17 (full 2):
 PSYoungGen      total 100096K, used 92928K [0x3bcc0000, 0x43980000, 0x51200000)
  eden space 92928K, 100% used [0x3bcc0000,0x41780000,0x41780000)
  from space 7168K, 0% used [0x42080000,0x42080000,0x42780000)
  to   space 9216K, 0% used [0x41780000,0x41780000,0x42080000)
 ParOldGen       total 38912K, used 18639K [0x11200000, 0x13800000, 0x3bcc0000)
  object space 38912K, 47% used [0x11200000,0x12433c70,0x13800000)
 Metaspace       used 32046K, capacity 32721K, committed 32768K, reserved 33152K
Event: 38.198 GC heap after
Heap after GC invocations=17 (full 2):
 PSYoungGen      total 102144K, used 9204K [0x3bcc0000, 0x44940000, 0x51200000)
  eden space 92928K, 0% used [0x3bcc0000,0x3bcc0000,0x41780000)
  from space 9216K, 99% used [0x41780000,0x4207d370,0x42080000)
  to   space 11520K, 0% used [0x43e00000,0x43e00000,0x44940000)
 ParOldGen       total 38912K, used 20784K [0x11200000, 0x13800000, 0x3bcc0000)
  object space 38912K, 53% used [0x11200000,0x1264c200,0x13800000)
 Metaspace       used 32046K, capacity 32721K, committed 32768K, reserved 33152K
}
Event: 43.088 GC heap before
{Heap before GC invocations=18 (full 2):
 PSYoungGen      total 102144K, used 102132K [0x3bcc0000, 0x44940000, 0x51200000)
  eden space 92928K, 100% used [0x3bcc0000,0x41780000,0x41780000)
  from space 9216K, 99% used [0x41780000,0x4207d370,0x42080000)
  to   space 11520K, 0% used [0x43e00000,0x43e00000,0x44940000)
 ParOldGen       total 38912K, used 20784K [0x11200000, 0x13800000, 0x3bcc0000)
  object space 38912K, 53% used [0x11200000,0x1264c200,0x13800000)
 Metaspace       used 37355K, capacity 38218K, committed 38272K, reserved 38272K
Event: 43.178 GC heap after
Heap after GC invocations=18 (full 2):
 PSYoungGen      total 131072K, used 10209K [0x3bcc0000, 0x44e40000, 0x51200000)
  eden space 119552K, 0% used [0x3bcc0000,0x3bcc0000,0x43180000)
  from space 11520K, 88% used [0x43e00000,0x447f8660,0x44940000)
  to   space 12800K, 0% used [0x43180000,0x43180000,0x43e00000)
 ParOldGen       total 38912K, used 26989K [0x11200000, 0x13800000, 0x3bcc0000)
  object space 38912K, 69% used [0x11200000,0x12c5b4b0,0x13800000)
 Metaspace       used 37355K, capacity 38218K, committed 38272K, reserved 38272K
}
Event: 52.727 GC heap before
{Heap before GC invocations=19 (full 2):
 PSYoungGen      total 131072K, used 129761K [0x3bcc0000, 0x44e40000, 0x51200000)
  eden space 119552K, 100% used [0x3bcc0000,0x43180000,0x43180000)
  from space 11520K, 88% used [0x43e00000,0x447f8660,0x44940000)
  to   space 12800K, 0% used [0x43180000,0x43180000,0x43e00000)
 ParOldGen       total 38912K, used 26989K [0x11200000, 0x13800000, 0x3bcc0000)
  object space 38912K, 69% used [0x11200000,0x12c5b4b0,0x13800000)
 Metaspace       used 40325K, capacity 41336K, committed 41344K, reserved 41344K
Event: 52.851 GC heap after
Heap after GC invocations=19 (full 2):
 PSYoungGen      total 132352K, used 10663K [0x3bcc0000, 0x466c0000, 0x51200000)
  eden space 119552K, 0% used [0x3bcc0000,0x3bcc0000,0x43180000)
  from space 12800K, 83% used [0x43180000,0x43be9de0,0x43e00000)
  to   space 14080K, 0% used [0x45900000,0x45900000,0x466c0000)
 ParOldGen       total 38912K, used 30523K [0x11200000, 0x13800000, 0x3bcc0000)
  object space 38912K, 78% used [0x11200000,0x12fcee70,0x13800000)
 Metaspace       used 40325K, capacity 41336K, committed 41344K, reserved 41344K
}
Event: 60.228 GC heap before
{Heap before GC invocations=20 (full 2):
 PSYoungGen      total 132352K, used 130215K [0x3bcc0000, 0x466c0000, 0x51200000)
  eden space 119552K, 100% used [0x3bcc0000,0x43180000,0x43180000)
  from space 12800K, 83% used [0x43180000,0x43be9de0,0x43e00000)
  to   space 14080K, 0% used [0x45900000,0x45900000,0x466c0000)
 ParOldGen       total 38912K, used 30523K [0x11200000, 0x13800000, 0x3bcc0000)
  object space 38912K, 78% used [0x11200000,0x12fcee70,0x13800000)
 Metaspace       used 42930K, capacity 44070K, committed 44160K, reserved 44416K
Event: 60.467 GC heap after
Heap after GC invocations=20 (full 2):
 PSYoungGen      total 153600K, used 14078K [0x3bcc0000, 0x476c0000, 0x51200000)
  eden space 139520K, 0% used [0x3bcc0000,0x3bcc0000,0x44500000)
  from space 14080K, 99% used [0x45900000,0x466bf8d8,0x466c0000)
  to   space 20480K, 0% used [0x44500000,0x44500000,0x45900000)
 ParOldGen       total 41728K, used 41704K [0x11200000, 0x13ac0000, 0x3bcc0000)
  object space 41728K, 99% used [0x11200000,0x13aba3f0,0x13ac0000)
 Metaspace       used 42930K, capacity 44070K, committed 44160K, reserved 44416K
}
Event: 60.471 GC heap before
{Heap before GC invocations=21 (full 3):
 PSYoungGen      total 153600K, used 14078K [0x3bcc0000, 0x476c0000, 0x51200000)
  eden space 139520K, 0% used [0x3bcc0000,0x3bcc0000,0x44500000)
  from space 14080K, 99% used [0x45900000,0x466bf8d8,0x466c0000)
  to   space 20480K, 0% used [0x44500000,0x44500000,0x45900000)
 ParOldGen       total 41728K, used 41704K [0x11200000, 0x13ac0000, 0x3bcc0000)
  object space 41728K, 99% used [0x11200000,0x13aba3f0,0x13ac0000)
 Metaspace       used 42930K, capacity 44070K, committed 44160K, reserved 44416K
Event: 61.376 GC heap after
Heap after GC invocations=21 (full 3):
 PSYoungGen      total 153600K, used 5903K [0x3bcc0000, 0x476c0000, 0x51200000)
  eden space 139520K, 0% used [0x3bcc0000,0x3bcc0000,0x44500000)
  from space 14080K, 41% used [0x45900000,0x45ec3ce0,0x466c0000)
  to   space 20480K, 0% used [0x44500000,0x44500000,0x45900000)
 ParOldGen       total 72704K, used 41646K [0x11200000, 0x15900000, 0x3bcc0000)
  object space 72704K, 57% used [0x11200000,0x13aab988,0x15900000)
 Metaspace       used 42892K, capacity 43983K, committed 44160K, reserved 44416K
}

