# JRE version: OpenJDK Runtime Environment (8.0_202-b03) (build 1.8.0_202-release-1483-b03)
# Java VM: OpenJDK Server VM (25.202-b03 mixed mode windows-x86 )
Heap:
 PSYoungGen      total 117248K, used 12167K [0x3bec0000, 0x44240000, 0x51400000)
  eden space 108800K, 11% used [0x3bec0000,0x3caa1f58,0x42900000)
  from space 8448K, 0% used [0x43280000,0x43280000,0x43ac0000)
  to   space 9728K, 0% used [0x42900000,0x42900000,0x43280000)
 ParOldGen       total 39168K, used 39149K [0x11400000, 0x13a40000, 0x3bec0000)
  object space 39168K, 99% used [0x11400000,0x13a3b770,0x13a40000)
 Metaspace       used 47382K, capacity 48732K, committed 48768K, reserved 49536K
GC Heap History (10 events):
Event: 52.958 GC heap before
{Heap before GC invocations=17 (full 2):
 PSYoungGen      total 117248K, used 108800K [0x3bec0000, 0x44240000, 0x51400000)
  eden space 108800K, 100% used [0x3bec0000,0x42900000,0x42900000)
  from space 8448K, 0% used [0x43280000,0x43280000,0x43ac0000)
  to   space 9728K, 0% used [0x42900000,0x42900000,0x43280000)
 ParOldGen       total 39168K, used 20345K [0x11400000, 0x13a40000, 0x3bec0000)
  object space 39168K, 51% used [0x11400000,0x127de750,0x13a40000)
 Metaspace       used 33201K, capacity 34071K, committed 34176K, reserved 34176K
Event: 53.218 GC heap after
Heap after GC invocations=17 (full 2):
 PSYoungGen      total 118528K, used 9720K [0x3bec0000, 0x44240000, 0x51400000)
  eden space 108800K, 0% used [0x3bec0000,0x3bec0000,0x42900000)
  from space 9728K, 99% used [0x42900000,0x4327e068,0x43280000)
  to   space 8448K, 0% used [0x43280000,0x43280000,0x43ac0000)
 ParOldGen       total 39168K, used 23930K [0x11400000, 0x13a40000, 0x3bec0000)
  object space 39168K, 61% used [0x11400000,0x12b5ea60,0x13a40000)
 Metaspace       used 33201K, capacity 34071K, committed 34176K, reserved 34176K
}
Event: 62.354 GC heap before
{Heap before GC invocations=18 (full 2):
 PSYoungGen      total 118528K, used 118520K [0x3bec0000, 0x44240000, 0x51400000)
  eden space 108800K, 100% used [0x3bec0000,0x42900000,0x42900000)
  from space 9728K, 99% used [0x42900000,0x4327e068,0x43280000)
  to   space 8448K, 0% used [0x43280000,0x43280000,0x43ac0000)
 ParOldGen       total 39168K, used 23930K [0x11400000, 0x13a40000, 0x3bec0000)
  object space 39168K, 61% used [0x11400000,0x12b5ea60,0x13a40000)
 Metaspace       used 39407K, capacity 40555K, committed 40576K, reserved 41344K
Event: 62.461 GC heap after
Heap after GC invocations=18 (full 2):
 PSYoungGen      total 117248K, used 8441K [0x3bec0000, 0x44240000, 0x51400000)
  eden space 108800K, 0% used [0x3bec0000,0x3bec0000,0x42900000)
  from space 8448K, 99% used [0x43280000,0x43abe500,0x43ac0000)
  to   space 9728K, 0% used [0x42900000,0x42900000,0x43280000)
 ParOldGen       total 39168K, used 33280K [0x11400000, 0x13a40000, 0x3bec0000)
  object space 39168K, 84% used [0x11400000,0x13480140,0x13a40000)
 Metaspace       used 39407K, capacity 40555K, committed 40576K, reserved 41344K
}
Event: 62.461 GC heap before
{Heap before GC invocations=19 (full 3):
 PSYoungGen      total 117248K, used 8441K [0x3bec0000, 0x44240000, 0x51400000)
  eden space 108800K, 0% used [0x3bec0000,0x3bec0000,0x42900000)
  from space 8448K, 99% used [0x43280000,0x43abe500,0x43ac0000)
  to   space 9728K, 0% used [0x42900000,0x42900000,0x43280000)
 ParOldGen       total 39168K, used 33280K [0x11400000, 0x13a40000, 0x3bec0000)
  object space 39168K, 84% used [0x11400000,0x13480140,0x13a40000)
 Metaspace       used 39407K, capacity 40555K, committed 40576K, reserved 41344K
Event: 63.133 GC heap after
Heap after GC invocations=19 (full 3):
 PSYoungGen      total 117248K, used 0K [0x3bec0000, 0x44240000, 0x51400000)
  eden space 108800K, 0% used [0x3bec0000,0x3bec0000,0x42900000)
  from space 8448K, 0% used [0x43280000,0x43280000,0x43ac0000)
  to   space 9728K, 0% used [0x42900000,0x42900000,0x43280000)
 ParOldGen       total 39168K, used 32832K [0x11400000, 0x13a40000, 0x3bec0000)
  object space 39168K, 83% used [0x11400000,0x13410108,0x13a40000)
 Metaspace       used 39407K, capacity 40555K, committed 40576K, reserved 41344K
}
Event: 68.697 GC heap before
{Heap before GC invocations=20 (full 4):
 PSYoungGen      total 117248K, used 108800K [0x3bec0000, 0x44240000, 0x51400000)
  eden space 108800K, 100% used [0x3bec0000,0x42900000,0x42900000)
  from space 8448K, 0% used [0x43280000,0x43280000,0x43ac0000)
  to   space 9728K, 0% used [0x42900000,0x42900000,0x43280000)
 ParOldGen       total 39168K, used 32832K [0x11400000, 0x13a40000, 0x3bec0000)
  object space 39168K, 83% used [0x11400000,0x13410108,0x13a40000)
 Metaspace       used 43905K, capacity 45048K, committed 45056K, reserved 45440K
Event: 68.999 GC heap after
Heap after GC invocations=20 (full 4):
 PSYoungGen      total 117248K, used 0K [0x3bec0000, 0x44240000, 0x51400000)
  eden space 108800K, 0% used [0x3bec0000,0x3bec0000,0x42900000)
  from space 8448K, 0% used [0x43280000,0x43280000,0x43ac0000)
  to   space 9728K, 0% used [0x42900000,0x42900000,0x43280000)
 ParOldGen       total 39168K, used 35975K [0x11400000, 0x13a40000, 0x3bec0000)
  object space 39168K, 91% used [0x11400000,0x13721fd0,0x13a40000)
 Metaspace       used 43905K, capacity 45048K, committed 45056K, reserved 45440K
}
Event: 81.915 GC heap before
{Heap before GC invocations=21 (full 5):
 PSYoungGen      total 117248K, used 108800K [0x3bec0000, 0x44240000, 0x51400000)
  eden space 108800K, 100% used [0x3bec0000,0x42900000,0x42900000)
  from space 8448K, 0% used [0x43280000,0x43280000,0x43ac0000)
  to   space 9728K, 0% used [0x42900000,0x42900000,0x43280000)
 ParOldGen       total 39168K, used 35975K [0x11400000, 0x13a40000, 0x3bec0000)
  object space 39168K, 91% used [0x11400000,0x13721fd0,0x13a40000)
 Metaspace       used 47065K, capacity 48403K, committed 48512K, reserved 48512K
Event: 82.841 GC heap after
Heap after GC invocations=21 (full 5):
 PSYoungGen      total 117248K, used 76K [0x3bec0000, 0x44240000, 0x51400000)
  eden space 108800K, 0% used [0x3bec0000,0x3bed33e0,0x42900000)
  from space 8448K, 0% used [0x43280000,0x43280000,0x43ac0000)
  to   space 9728K, 0% used [0x42900000,0x42900000,0x43280000)
 ParOldGen       total 39168K, used 39149K [0x11400000, 0x13a40000, 0x3bec0000)
  object space 39168K, 99% used [0x11400000,0x13a3b770,0x13a40000)
 Metaspace       used 47018K, capacity 48303K, committed 48512K, reserved 48512K
}

