# JRE version: OpenJDK Runtime Environment (8.0_202-b03) (build 1.8.0_202-release-1483-b03)
# Java VM: OpenJDK Server VM (25.202-b03 mixed mode windows-x86 )
Heap:
 PSYoungGen      total 201728K, used 95776K [0x3c2c0000, 0x4b740000, 0x51800000)
  eden space 183296K, 45% used [0x3c2c0000,0x41441ff8,0x475c0000)
  from space 18432K, 66% used [0x48a40000,0x49646360,0x49c40000)
  to   space 20992K, 0% used [0x475c0000,0x475c0000,0x48a40000)
 ParOldGen       total 57856K, used 40506K [0x11800000, 0x15080000, 0x3c2c0000)
  object space 57856K, 70% used [0x11800000,0x13f8eb60,0x15080000)
 Metaspace       used 57551K, capacity 59030K, committed 59136K, reserved 59776K
GC Heap History (10 events):
Event: 151.917 GC heap before
{Heap before GC invocations=27 (full 3):
 PSYoungGen      total 158208K, used 158194K [0x3c2c0000, 0x48980000, 0x51800000)
  eden space 141824K, 100% used [0x3c2c0000,0x44d40000,0x44d40000)
  from space 16384K, 99% used [0x44d40000,0x45d3c970,0x45d40000)
  to   space 19456K, 0% used [0x47680000,0x47680000,0x48980000)
 ParOldGen       total 57856K, used 32119K [0x11800000, 0x15080000, 0x3c2c0000)
  object space 57856K, 55% used [0x11800000,0x1375df20,0x15080000)
 Metaspace       used 52095K, capacity 53486K, committed 53504K, reserved 53632K
Event: 152.099 GC heap after
Heap after GC invocations=27 (full 3):
 PSYoungGen      total 184576K, used 9299K [0x3c2c0000, 0x48d00000, 0x51800000)
  eden space 165120K, 0% used [0x3c2c0000,0x3c2c0000,0x46400000)
  from space 19456K, 47% used [0x47680000,0x47f94f90,0x48980000)
  to   space 18944K, 0% used [0x46400000,0x46400000,0x47680000)
 ParOldGen       total 57856K, used 36930K [0x11800000, 0x15080000, 0x3c2c0000)
  object space 57856K, 63% used [0x11800000,0x13c10948,0x15080000)
 Metaspace       used 52095K, capacity 53486K, committed 53504K, reserved 53632K
}
Event: 180.256 GC heap before
{Heap before GC invocations=28 (full 3):
 PSYoungGen      total 184576K, used 174419K [0x3c2c0000, 0x48d00000, 0x51800000)
  eden space 165120K, 100% used [0x3c2c0000,0x46400000,0x46400000)
  from space 19456K, 47% used [0x47680000,0x47f94f90,0x48980000)
  to   space 18944K, 0% used [0x46400000,0x46400000,0x47680000)
 ParOldGen       total 57856K, used 36930K [0x11800000, 0x15080000, 0x3c2c0000)
  object space 57856K, 63% used [0x11800000,0x13c10948,0x15080000)
 Metaspace       used 52570K, capacity 53942K, committed 54016K, reserved 54656K
Event: 180.282 GC heap after
Heap after GC invocations=28 (full 3):
 PSYoungGen      total 184064K, used 4456K [0x3c2c0000, 0x49c40000, 0x51800000)
  eden space 165120K, 0% used [0x3c2c0000,0x3c2c0000,0x46400000)
  from space 18944K, 23% used [0x46400000,0x4685a1c8,0x47680000)
  to   space 18432K, 0% used [0x48a40000,0x48a40000,0x49c40000)
 ParOldGen       total 57856K, used 40490K [0x11800000, 0x15080000, 0x3c2c0000)
  object space 57856K, 69% used [0x11800000,0x13f8ab60,0x15080000)
 Metaspace       used 52570K, capacity 53942K, committed 54016K, reserved 54656K
}
Event: 188.619 GC heap before
{Heap before GC invocations=29 (full 3):
 PSYoungGen      total 184064K, used 169576K [0x3c2c0000, 0x49c40000, 0x51800000)
  eden space 165120K, 100% used [0x3c2c0000,0x46400000,0x46400000)
  from space 18944K, 23% used [0x46400000,0x4685a1c8,0x47680000)
  to   space 18432K, 0% used [0x48a40000,0x48a40000,0x49c40000)
 ParOldGen       total 57856K, used 40490K [0x11800000, 0x15080000, 0x3c2c0000)
  object space 57856K, 69% used [0x11800000,0x13f8ab60,0x15080000)
 Metaspace       used 55337K, capacity 56758K, committed 56832K, reserved 57728K
Event: 188.764 GC heap after
Heap after GC invocations=29 (full 3):
 PSYoungGen      total 202496K, used 15801K [0x3c2c0000, 0x4a100000, 0x51800000)
  eden space 184064K, 0% used [0x3c2c0000,0x3c2c0000,0x47680000)
  from space 18432K, 85% used [0x48a40000,0x499ae7c0,0x49c40000)
  to   space 20224K, 0% used [0x47680000,0x47680000,0x48a40000)
 ParOldGen       total 57856K, used 40498K [0x11800000, 0x15080000, 0x3c2c0000)
  object space 57856K, 69% used [0x11800000,0x13f8cb60,0x15080000)
 Metaspace       used 55337K, capacity 56758K, committed 56832K, reserved 57728K
}
Event: 213.174 GC heap before
{Heap before GC invocations=30 (full 3):
 PSYoungGen      total 202496K, used 199865K [0x3c2c0000, 0x4a100000, 0x51800000)
  eden space 184064K, 100% used [0x3c2c0000,0x47680000,0x47680000)
  from space 18432K, 85% used [0x48a40000,0x499ae7c0,0x49c40000)
  to   space 20224K, 0% used [0x47680000,0x47680000,0x48a40000)
 ParOldGen       total 57856K, used 40498K [0x11800000, 0x15080000, 0x3c2c0000)
  object space 57856K, 69% used [0x11800000,0x13f8cb60,0x15080000)
 Metaspace       used 57022K, capacity 58457K, committed 58496K, reserved 58752K
Event: 213.536 GC heap after
Heap after GC invocations=30 (full 3):
 PSYoungGen      total 204288K, used 13454K [0x3c2c0000, 0x4a100000, 0x51800000)
  eden space 184064K, 0% used [0x3c2c0000,0x3c2c0000,0x47680000)
  from space 20224K, 66% used [0x47680000,0x483a3ab0,0x48a40000)
  to   space 18432K, 0% used [0x48a40000,0x48a40000,0x49c40000)
 ParOldGen       total 57856K, used 40506K [0x11800000, 0x15080000, 0x3c2c0000)
  object space 57856K, 70% used [0x11800000,0x13f8eb60,0x15080000)
 Metaspace       used 57022K, capacity 58457K, committed 58496K, reserved 58752K
}
Event: 219.845 GC heap before
{Heap before GC invocations=31 (full 3):
 PSYoungGen      total 204288K, used 197518K [0x3c2c0000, 0x4a100000, 0x51800000)
  eden space 184064K, 100% used [0x3c2c0000,0x47680000,0x47680000)
  from space 20224K, 66% used [0x47680000,0x483a3ab0,0x48a40000)
  to   space 18432K, 0% used [0x48a40000,0x48a40000,0x49c40000)
 ParOldGen       total 57856K, used 40506K [0x11800000, 0x15080000, 0x3c2c0000)
  object space 57856K, 70% used [0x11800000,0x13f8eb60,0x15080000)
 Metaspace       used 57362K, capacity 58810K, committed 58880K, reserved 59776K
Event: 219.921 GC heap after
Heap after GC invocations=31 (full 3):
 PSYoungGen      total 201728K, used 12312K [0x3c2c0000, 0x4b740000, 0x51800000)
  eden space 183296K, 0% used [0x3c2c0000,0x3c2c0000,0x475c0000)
  from space 18432K, 66% used [0x48a40000,0x49646360,0x49c40000)
  to   space 20992K, 0% used [0x475c0000,0x475c0000,0x48a40000)
 ParOldGen       total 57856K, used 40506K [0x11800000, 0x15080000, 0x3c2c0000)
  object space 57856K, 70% used [0x11800000,0x13f8eb60,0x15080000)
 Metaspace       used 57362K, capacity 58810K, committed 58880K, reserved 59776K
}

