# JRE version: OpenJDK Runtime Environment (8.0_202-b03) (build 1.8.0_202-release-1483-b03)
# Java VM: OpenJDK Server VM (25.202-b03 mixed mode windows-x86 )
Heap:
 PSYoungGen      total 210176K, used 60034K [0x3c4c0000, 0x4a2c0000, 0x51a00000)
  eden space 193024K, 31% used [0x3c4c0000,0x3ff60b80,0x48140000)
  from space 17152K, 0% used [0x49180000,0x49180000,0x4a240000)
  to   space 16640K, 0% used [0x48140000,0x48140000,0x49180000)
 ParOldGen       total 69632K, used 37405K [0x11a00000, 0x15e00000, 0x3c4c0000)
  object space 69632K, 53% used [0x11a00000,0x13e875a8,0x15e00000)
 Metaspace       used 46998K, capacity 48339K, committed 48384K, reserved 48512K
GC Heap History (10 events):
Event: 31.384 GC heap before
{Heap before GC invocations=15 (full 2):
 PSYoungGen      total 125696K, used 115712K [0x3c4c0000, 0x456c0000, 0x51a00000)
  eden space 115712K, 100% used [0x3c4c0000,0x435c0000,0x435c0000)
  from space 9984K, 0% used [0x43f80000,0x43f80000,0x44940000)
  to   space 9984K, 0% used [0x435c0000,0x435c0000,0x43f80000)
 ParOldGen       total 39680K, used 18326K [0x11a00000, 0x140c0000, 0x3c4c0000)
  object space 39680K, 46% used [0x11a00000,0x12be5a08,0x140c0000)
 Metaspace       used 33180K, capacity 34181K, committed 34304K, reserved 35200K
Event: 31.450 GC heap after
Heap after GC invocations=15 (full 2):
 PSYoungGen      total 125696K, used 9975K [0x3c4c0000, 0x46f00000, 0x51a00000)
  eden space 115712K, 0% used [0x3c4c0000,0x3c4c0000,0x435c0000)
  from space 9984K, 99% used [0x435c0000,0x43f7dc80,0x43f80000)
  to   space 13056K, 0% used [0x46240000,0x46240000,0x46f00000)
 ParOldGen       total 39680K, used 22311K [0x11a00000, 0x140c0000, 0x3c4c0000)
  object space 39680K, 56% used [0x11a00000,0x12fc9d00,0x140c0000)
 Metaspace       used 33180K, capacity 34181K, committed 34304K, reserved 35200K
}
Event: 39.199 GC heap before
{Heap before GC invocations=16 (full 2):
 PSYoungGen      total 125696K, used 125687K [0x3c4c0000, 0x46f00000, 0x51a00000)
  eden space 115712K, 100% used [0x3c4c0000,0x435c0000,0x435c0000)
  from space 9984K, 99% used [0x435c0000,0x43f7dc80,0x43f80000)
  to   space 13056K, 0% used [0x46240000,0x46240000,0x46f00000)
 ParOldGen       total 39680K, used 22311K [0x11a00000, 0x140c0000, 0x3c4c0000)
  object space 39680K, 56% used [0x11a00000,0x12fc9d00,0x140c0000)
 Metaspace       used 38282K, capacity 39407K, committed 39552K, reserved 40320K
Event: 39.359 GC heap after
Heap after GC invocations=16 (full 2):
 PSYoungGen      total 160256K, used 10674K [0x3c4c0000, 0x471c0000, 0x51a00000)
  eden space 147200K, 0% used [0x3c4c0000,0x3c4c0000,0x45480000)
  from space 13056K, 81% used [0x46240000,0x46cacb88,0x46f00000)
  to   space 14080K, 0% used [0x45480000,0x45480000,0x46240000)
 ParOldGen       total 39680K, used 29151K [0x11a00000, 0x140c0000, 0x3c4c0000)
  object space 39680K, 73% used [0x11a00000,0x13677fd8,0x140c0000)
 Metaspace       used 38282K, capacity 39407K, committed 39552K, reserved 40320K
}
Event: 50.914 GC heap before
{Heap before GC invocations=17 (full 2):
 PSYoungGen      total 160256K, used 157874K [0x3c4c0000, 0x471c0000, 0x51a00000)
  eden space 147200K, 100% used [0x3c4c0000,0x45480000,0x45480000)
  from space 13056K, 81% used [0x46240000,0x46cacb88,0x46f00000)
  to   space 14080K, 0% used [0x45480000,0x45480000,0x46240000)
 ParOldGen       total 39680K, used 29151K [0x11a00000, 0x140c0000, 0x3c4c0000)
  object space 39680K, 73% used [0x11a00000,0x13677fd8,0x140c0000)
 Metaspace       used 42916K, capacity 44207K, committed 44288K, reserved 44416K
Event: 51.266 GC heap after
Heap after GC invocations=17 (full 2):
 PSYoungGen      total 161280K, used 14068K [0x3c4c0000, 0x4a240000, 0x51a00000)
  eden space 147200K, 0% used [0x3c4c0000,0x3c4c0000,0x45480000)
  from space 14080K, 99% used [0x45480000,0x4623d110,0x46240000)
  to   space 17152K, 0% used [0x49180000,0x49180000,0x4a240000)
 ParOldGen       total 39680K, used 31632K [0x11a00000, 0x140c0000, 0x3c4c0000)
  object space 39680K, 79% used [0x11a00000,0x138e43e0,0x140c0000)
 Metaspace       used 42916K, capacity 44207K, committed 44288K, reserved 44416K
}
Event: 58.400 GC heap before
{Heap before GC invocations=18 (full 2):
 PSYoungGen      total 161280K, used 72193K [0x3c4c0000, 0x4a240000, 0x51a00000)
  eden space 147200K, 39% used [0x3c4c0000,0x3fd83698,0x45480000)
  from space 14080K, 99% used [0x45480000,0x4623d110,0x46240000)
  to   space 17152K, 0% used [0x49180000,0x49180000,0x4a240000)
 ParOldGen       total 39680K, used 31632K [0x11a00000, 0x140c0000, 0x3c4c0000)
  object space 39680K, 79% used [0x11a00000,0x138e43e0,0x140c0000)
 Metaspace       used 44161K, capacity 45480K, committed 45516K, reserved 46464K
Event: 58.596 GC heap after
Heap after GC invocations=18 (full 2):
 PSYoungGen      total 210176K, used 4124K [0x3c4c0000, 0x4a2c0000, 0x51a00000)
  eden space 193024K, 0% used [0x3c4c0000,0x3c4c0000,0x48140000)
  from space 17152K, 24% used [0x49180000,0x495870e8,0x4a240000)
  to   space 16640K, 0% used [0x48140000,0x48140000,0x49180000)
 ParOldGen       total 44032K, used 43789K [0x11a00000, 0x14500000, 0x3c4c0000)
  object space 44032K, 99% used [0x11a00000,0x144c3478,0x14500000)
 Metaspace       used 44161K, capacity 45480K, committed 45516K, reserved 46464K
}
Event: 58.596 GC heap before
{Heap before GC invocations=19 (full 3):
 PSYoungGen      total 210176K, used 4124K [0x3c4c0000, 0x4a2c0000, 0x51a00000)
  eden space 193024K, 0% used [0x3c4c0000,0x3c4c0000,0x48140000)
  from space 17152K, 24% used [0x49180000,0x495870e8,0x4a240000)
  to   space 16640K, 0% used [0x48140000,0x48140000,0x49180000)
 ParOldGen       total 44032K, used 43789K [0x11a00000, 0x14500000, 0x3c4c0000)
  object space 44032K, 99% used [0x11a00000,0x144c3478,0x14500000)
 Metaspace       used 44161K, capacity 45480K, committed 45516K, reserved 46464K
Event: 59.704 GC heap after
Heap after GC invocations=19 (full 3):
 PSYoungGen      total 210176K, used 0K [0x3c4c0000, 0x4a2c0000, 0x51a00000)
  eden space 193024K, 0% used [0x3c4c0000,0x3c4c0000,0x48140000)
  from space 17152K, 0% used [0x49180000,0x49180000,0x4a240000)
  to   space 16640K, 0% used [0x48140000,0x48140000,0x49180000)
 ParOldGen       total 69632K, used 37405K [0x11a00000, 0x15e00000, 0x3c4c0000)
  object space 69632K, 53% used [0x11a00000,0x13e875a8,0x15e00000)
 Metaspace       used 44126K, capacity 45405K, committed 45516K, reserved 46464K
}

