# JRE version: OpenJDK Runtime Environment (8.0_202-b03) (build 1.8.0_202-release-1483-b03)
# Java VM: OpenJDK Server VM (25.202-b03 mixed mode windows-x86 )
Heap:
 PSYoungGen      total 146432K, used 143401K [0x3bac0000, 0x46040000, 0x51000000)
  eden space 132352K, 99% used [0x3bac0000,0x43bd89a0,0x43c00000)
  from space 14080K, 79% used [0x44d80000,0x45871d80,0x45b40000)
  to   space 17920K, 0% used [0x43c00000,0x43c00000,0x44d80000)
 ParOldGen       total 66048K, used 52452K [0x11000000, 0x15080000, 0x3bac0000)
  object space 66048K, 79% used [0x11000000,0x14339228,0x15080000)
 Metaspace       used 47712K, capacity 49150K, committed 49152K, reserved 49536K
GC Heap History (10 events):
Event: 53.801 GC heap before
{Heap before GC invocations=25 (full 3):
 PSYoungGen      total 125440K, used 112610K [0x3bac0000, 0x45b40000, 0x51000000)
  eden space 112128K, 100% used [0x3bac0000,0x42840000,0x42840000)
  from space 13312K, 3% used [0x42840000,0x428b8948,0x43540000)
  to   space 14080K, 0% used [0x44d80000,0x44d80000,0x45b40000)
 ParOldGen       total 66048K, used 36449K [0x11000000, 0x15080000, 0x3bac0000)
  object space 66048K, 55% used [0x11000000,0x133984d0,0x15080000)
 Metaspace       used 45600K, capacity 46858K, committed 46976K, reserved 47488K
Event: 53.998 GC heap after
Heap after GC invocations=25 (full 3):
 PSYoungGen      total 146432K, used 14073K [0x3bac0000, 0x46040000, 0x51000000)
  eden space 132352K, 0% used [0x3bac0000,0x3bac0000,0x43c00000)
  from space 14080K, 99% used [0x44d80000,0x45b3e728,0x45b40000)
  to   space 17920K, 0% used [0x43c00000,0x43c00000,0x44d80000)
 ParOldGen       total 66048K, used 40655K [0x11000000, 0x15080000, 0x3bac0000)
  object space 66048K, 61% used [0x11000000,0x137b3f60,0x15080000)
 Metaspace       used 45600K, capacity 46858K, committed 46976K, reserved 47488K
}
Event: 58.246 GC heap before
{Heap before GC invocations=26 (full 3):
 PSYoungGen      total 146432K, used 146425K [0x3bac0000, 0x46040000, 0x51000000)
  eden space 132352K, 100% used [0x3bac0000,0x43c00000,0x43c00000)
  from space 14080K, 99% used [0x44d80000,0x45b3e728,0x45b40000)
  to   space 17920K, 0% used [0x43c00000,0x43c00000,0x44d80000)
 ParOldGen       total 66048K, used 40655K [0x11000000, 0x15080000, 0x3bac0000)
  object space 66048K, 61% used [0x11000000,0x137b3f60,0x15080000)
 Metaspace       used 46384K, capacity 47672K, committed 47744K, reserved 48512K
Event: 58.340 GC heap after
Heap after GC invocations=26 (full 3):
 PSYoungGen      total 150272K, used 1864K [0x3bac0000, 0x46040000, 0x51000000)
  eden space 132352K, 0% used [0x3bac0000,0x3bac0000,0x43c00000)
  from space 17920K, 10% used [0x43c00000,0x43dd2250,0x44d80000)
  to   space 14080K, 0% used [0x44d80000,0x44d80000,0x45b40000)
 ParOldGen       total 66048K, used 52448K [0x11000000, 0x15080000, 0x3bac0000)
  object space 66048K, 79% used [0x11000000,0x14338228,0x15080000)
 Metaspace       used 46384K, capacity 47672K, committed 47744K, reserved 48512K
}
Event: 61.115 GC heap before
{Heap before GC invocations=27 (full 3):
 PSYoungGen      total 150272K, used 134216K [0x3bac0000, 0x46040000, 0x51000000)
  eden space 132352K, 100% used [0x3bac0000,0x43c00000,0x43c00000)
  from space 17920K, 10% used [0x43c00000,0x43dd2250,0x44d80000)
  to   space 14080K, 0% used [0x44d80000,0x44d80000,0x45b40000)
 ParOldGen       total 66048K, used 52448K [0x11000000, 0x15080000, 0x3bac0000)
  object space 66048K, 79% used [0x11000000,0x14338228,0x15080000)
 Metaspace       used 46473K, capacity 47768K, committed 47872K, reserved 48512K
Event: 61.141 GC heap after
Heap after GC invocations=27 (full 3):
 PSYoungGen      total 146432K, used 3760K [0x3bac0000, 0x46040000, 0x51000000)
  eden space 132352K, 0% used [0x3bac0000,0x3bac0000,0x43c00000)
  from space 14080K, 26% used [0x44d80000,0x4512c030,0x45b40000)
  to   space 17920K, 0% used [0x43c00000,0x43c00000,0x44d80000)
 ParOldGen       total 66048K, used 52448K [0x11000000, 0x15080000, 0x3bac0000)
  object space 66048K, 79% used [0x11000000,0x14338228,0x15080000)
 Metaspace       used 46473K, capacity 47768K, committed 47872K, reserved 48512K
}
Event: 63.441 GC heap before
{Heap before GC invocations=28 (full 3):
 PSYoungGen      total 146432K, used 136112K [0x3bac0000, 0x46040000, 0x51000000)
  eden space 132352K, 100% used [0x3bac0000,0x43c00000,0x43c00000)
  from space 14080K, 26% used [0x44d80000,0x4512c030,0x45b40000)
  to   space 17920K, 0% used [0x43c00000,0x43c00000,0x44d80000)
 ParOldGen       total 66048K, used 52448K [0x11000000, 0x15080000, 0x3bac0000)
  object space 66048K, 79% used [0x11000000,0x14338228,0x15080000)
 Metaspace       used 46594K, capacity 47924K, committed 48000K, reserved 48512K
Event: 63.490 GC heap after
Heap after GC invocations=28 (full 3):
 PSYoungGen      total 150272K, used 6876K [0x3bac0000, 0x46040000, 0x51000000)
  eden space 132352K, 0% used [0x3bac0000,0x3bac0000,0x43c00000)
  from space 17920K, 38% used [0x43c00000,0x442b7358,0x44d80000)
  to   space 14080K, 0% used [0x44d80000,0x44d80000,0x45b40000)
 ParOldGen       total 66048K, used 52448K [0x11000000, 0x15080000, 0x3bac0000)
  object space 66048K, 79% used [0x11000000,0x14338228,0x15080000)
 Metaspace       used 46594K, capacity 47924K, committed 48000K, reserved 48512K
}
Event: 66.700 GC heap before
{Heap before GC invocations=29 (full 3):
 PSYoungGen      total 150272K, used 139228K [0x3bac0000, 0x46040000, 0x51000000)
  eden space 132352K, 100% used [0x3bac0000,0x43c00000,0x43c00000)
  from space 17920K, 38% used [0x43c00000,0x442b7358,0x44d80000)
  to   space 14080K, 0% used [0x44d80000,0x44d80000,0x45b40000)
 ParOldGen       total 66048K, used 52448K [0x11000000, 0x15080000, 0x3bac0000)
  object space 66048K, 79% used [0x11000000,0x14338228,0x15080000)
 Metaspace       used 47489K, capacity 48892K, committed 48896K, reserved 49536K
Event: 66.759 GC heap after
Heap after GC invocations=29 (full 3):
 PSYoungGen      total 146432K, used 11207K [0x3bac0000, 0x46040000, 0x51000000)
  eden space 132352K, 0% used [0x3bac0000,0x3bac0000,0x43c00000)
  from space 14080K, 79% used [0x44d80000,0x45871d80,0x45b40000)
  to   space 17920K, 0% used [0x43c00000,0x43c00000,0x44d80000)
 ParOldGen       total 66048K, used 52452K [0x11000000, 0x15080000, 0x3bac0000)
  object space 66048K, 79% used [0x11000000,0x14339228,0x15080000)
 Metaspace       used 47489K, capacity 48892K, committed 48896K, reserved 49536K
}

