# JRE version: OpenJDK Runtime Environment (8.0_202-b03) (build 1.8.0_202-release-1483-b03)
# Java VM: OpenJDK Server VM (25.202-b03 mixed mode windows-x86 )
Heap:
 PSYoungGen      total 192256K, used 85984K [0x3c2c0000, 0x49300000, 0x51800000)
  eden space 174080K, 40% used [0x3c2c0000,0x407eaa78,0x46cc0000)
  from space 18176K, 83% used [0x46cc0000,0x47b8d8e8,0x47e80000)
  to   space 18176K, 0% used [0x47e80000,0x47e80000,0x49040000)
 ParOldGen       total 75520K, used 38815K [0x11800000, 0x161c0000, 0x3c2c0000)
  object space 75520K, 51% used [0x11800000,0x13de7d30,0x161c0000)
 Metaspace       used 50370K, capacity 51740K, committed 51840K, reserved 52608K
GC Heap History (10 events):
Event: 80.828 GC heap before
{Heap before GC invocations=20 (full 3):
 PSYoungGen      total 171520K, used 154368K [0x3c2c0000, 0x47d00000, 0x51800000)
  eden space 154368K, 100% used [0x3c2c0000,0x45980000,0x45980000)
  from space 17152K, 0% used [0x46a00000,0x46a00000,0x47ac0000)
  to   space 16896K, 0% used [0x45980000,0x45980000,0x46a00000)
 ParOldGen       total 75520K, used 38799K [0x11800000, 0x161c0000, 0x3c2c0000)
  object space 75520K, 51% used [0x11800000,0x13de3d30,0x161c0000)
 Metaspace       used 49347K, capacity 50722K, committed 50816K, reserved 51584K
Event: 80.918 GC heap after
Heap after GC invocations=20 (full 3):
 PSYoungGen      total 171264K, used 13777K [0x3c2c0000, 0x47d00000, 0x51800000)
  eden space 154368K, 0% used [0x3c2c0000,0x3c2c0000,0x45980000)
  from space 16896K, 81% used [0x45980000,0x466f4748,0x46a00000)
  to   space 17152K, 0% used [0x46a00000,0x46a00000,0x47ac0000)
 ParOldGen       total 75520K, used 38807K [0x11800000, 0x161c0000, 0x3c2c0000)
  object space 75520K, 51% used [0x11800000,0x13de5d30,0x161c0000)
 Metaspace       used 49347K, capacity 50722K, committed 50816K, reserved 51584K
}
Event: 86.285 GC heap before
{Heap before GC invocations=21 (full 3):
 PSYoungGen      total 171264K, used 168145K [0x3c2c0000, 0x47d00000, 0x51800000)
  eden space 154368K, 100% used [0x3c2c0000,0x45980000,0x45980000)
  from space 16896K, 81% used [0x45980000,0x466f4748,0x46a00000)
  to   space 17152K, 0% used [0x46a00000,0x46a00000,0x47ac0000)
 ParOldGen       total 75520K, used 38807K [0x11800000, 0x161c0000, 0x3c2c0000)
  object space 75520K, 51% used [0x11800000,0x13de5d30,0x161c0000)
 Metaspace       used 50172K, capacity 51573K, committed 51584K, reserved 51584K
Event: 86.329 GC heap after
Heap after GC invocations=21 (full 3):
 PSYoungGen      total 170240K, used 10338K [0x3c2c0000, 0x49000000, 0x51800000)
  eden space 153088K, 0% used [0x3c2c0000,0x3c2c0000,0x45840000)
  from space 17152K, 60% used [0x46a00000,0x47418850,0x47ac0000)
  to   space 18176K, 0% used [0x45840000,0x45840000,0x46a00000)
 ParOldGen       total 75520K, used 38811K [0x11800000, 0x161c0000, 0x3c2c0000)
  object space 75520K, 51% used [0x11800000,0x13de6d30,0x161c0000)
 Metaspace       used 50172K, capacity 51573K, committed 51584K, reserved 51584K
}
Event: 89.455 GC heap before
{Heap before GC invocations=22 (full 3):
 PSYoungGen      total 170240K, used 163426K [0x3c2c0000, 0x49000000, 0x51800000)
  eden space 153088K, 100% used [0x3c2c0000,0x45840000,0x45840000)
  from space 17152K, 60% used [0x46a00000,0x47418850,0x47ac0000)
  to   space 18176K, 0% used [0x45840000,0x45840000,0x46a00000)
 ParOldGen       total 75520K, used 38811K [0x11800000, 0x161c0000, 0x3c2c0000)
  object space 75520K, 51% used [0x11800000,0x13de6d30,0x161c0000)
 Metaspace       used 50276K, capacity 51676K, committed 51712K, reserved 52608K
Event: 89.507 GC heap after
Heap after GC invocations=22 (full 3):
 PSYoungGen      total 171264K, used 10635K [0x3c2c0000, 0x49040000, 0x51800000)
  eden space 153088K, 0% used [0x3c2c0000,0x3c2c0000,0x45840000)
  from space 18176K, 58% used [0x45840000,0x462a2d68,0x46a00000)
  to   space 18176K, 0% used [0x47e80000,0x47e80000,0x49040000)
 ParOldGen       total 75520K, used 38811K [0x11800000, 0x161c0000, 0x3c2c0000)
  object space 75520K, 51% used [0x11800000,0x13de6d30,0x161c0000)
 Metaspace       used 50276K, capacity 51676K, committed 51712K, reserved 52608K
}
Event: 93.042 GC heap before
{Heap before GC invocations=23 (full 3):
 PSYoungGen      total 171264K, used 163723K [0x3c2c0000, 0x49040000, 0x51800000)
  eden space 153088K, 100% used [0x3c2c0000,0x45840000,0x45840000)
  from space 18176K, 58% used [0x45840000,0x462a2d68,0x46a00000)
  to   space 18176K, 0% used [0x47e80000,0x47e80000,0x49040000)
 ParOldGen       total 75520K, used 38811K [0x11800000, 0x161c0000, 0x3c2c0000)
  object space 75520K, 51% used [0x11800000,0x13de6d30,0x161c0000)
 Metaspace       used 50337K, capacity 51708K, committed 51840K, reserved 52608K
Event: 93.122 GC heap after
Heap after GC invocations=23 (full 3):
 PSYoungGen      total 192256K, used 10695K [0x3c2c0000, 0x49300000, 0x51800000)
  eden space 174080K, 0% used [0x3c2c0000,0x3c2c0000,0x46cc0000)
  from space 18176K, 58% used [0x47e80000,0x488f1f20,0x49040000)
  to   space 18176K, 0% used [0x46cc0000,0x46cc0000,0x47e80000)
 ParOldGen       total 75520K, used 38811K [0x11800000, 0x161c0000, 0x3c2c0000)
  object space 75520K, 51% used [0x11800000,0x13de6d30,0x161c0000)
 Metaspace       used 50337K, capacity 51708K, committed 51840K, reserved 52608K
}
Event: 96.040 GC heap before
{Heap before GC invocations=24 (full 3):
 PSYoungGen      total 192256K, used 184775K [0x3c2c0000, 0x49300000, 0x51800000)
  eden space 174080K, 100% used [0x3c2c0000,0x46cc0000,0x46cc0000)
  from space 18176K, 58% used [0x47e80000,0x488f1f20,0x49040000)
  to   space 18176K, 0% used [0x46cc0000,0x46cc0000,0x47e80000)
 ParOldGen       total 75520K, used 38811K [0x11800000, 0x161c0000, 0x3c2c0000)
  object space 75520K, 51% used [0x11800000,0x13de6d30,0x161c0000)
 Metaspace       used 50361K, capacity 51740K, committed 51840K, reserved 52608K
Event: 96.142 GC heap after
Heap after GC invocations=24 (full 3):
 PSYoungGen      total 192256K, used 15158K [0x3c2c0000, 0x49300000, 0x51800000)
  eden space 174080K, 0% used [0x3c2c0000,0x3c2c0000,0x46cc0000)
  from space 18176K, 83% used [0x46cc0000,0x47b8d8e8,0x47e80000)
  to   space 18176K, 0% used [0x47e80000,0x47e80000,0x49040000)
 ParOldGen       total 75520K, used 38815K [0x11800000, 0x161c0000, 0x3c2c0000)
  object space 75520K, 51% used [0x11800000,0x13de7d30,0x161c0000)
 Metaspace       used 50361K, capacity 51740K, committed 51840K, reserved 52608K
}

