# JRE version: OpenJDK Runtime Environment (8.0_202-b03) (build 1.8.0_202-release-1483-b03)
# Java VM: OpenJDK Server VM (25.202-b03 mixed mode windows-x86 )
Heap:
 PSYoungGen      total 143872K, used 95117K [0x3bac0000, 0x47100000, 0x51000000)
  eden space 126208K, 68% used [0x3bac0000,0x40ef8070,0x43600000)
  from space 17664K, 50% used [0x43600000,0x43eab550,0x44740000)
  to   space 17152K, 0% used [0x46040000,0x46040000,0x47100000)
 ParOldGen       total 59392K, used 49309K [0x11000000, 0x14a00000, 0x3bac0000)
  object space 59392K, 83% used [0x11000000,0x140277a8,0x14a00000)
 Metaspace       used 51965K, capacity 53398K, committed 53504K, reserved 53632K
GC Heap History (10 events):
Event: 45.259 GC heap before
{Heap before GC invocations=22 (full 2):
 PSYoungGen      total 99584K, used 99578K [0x3bac0000, 0x44080000, 0x51000000)
  eden space 91136K, 100% used [0x3bac0000,0x413c0000,0x413c0000)
  from space 8448K, 99% used [0x413c0000,0x41bfe9b8,0x41c00000)
  to   space 12288K, 0% used [0x43480000,0x43480000,0x44080000)
 ParOldGen       total 36352K, used 26795K [0x11000000, 0x13380000, 0x3bac0000)
  object space 36352K, 73% used [0x11000000,0x12a2ad50,0x13380000)
 Metaspace       used 39997K, capacity 41014K, committed 41088K, reserved 41344K
Event: 45.448 GC heap after
Heap after GC invocations=22 (full 2):
 PSYoungGen      total 123904K, used 8900K [0x3bac0000, 0x441c0000, 0x51000000)
  eden space 111616K, 0% used [0x3bac0000,0x3bac0000,0x427c0000)
  from space 12288K, 72% used [0x43480000,0x43d31018,0x44080000)
  to   space 13056K, 0% used [0x427c0000,0x427c0000,0x43480000)
 ParOldGen       total 36352K, used 30873K [0x11000000, 0x13380000, 0x3bac0000)
  object space 36352K, 84% used [0x11000000,0x12e26750,0x13380000)
 Metaspace       used 39997K, capacity 41014K, committed 41088K, reserved 41344K
}
Event: 45.450 GC heap before
{Heap before GC invocations=23 (full 3):
 PSYoungGen      total 123904K, used 8900K [0x3bac0000, 0x441c0000, 0x51000000)
  eden space 111616K, 0% used [0x3bac0000,0x3bac0000,0x427c0000)
  from space 12288K, 72% used [0x43480000,0x43d31018,0x44080000)
  to   space 13056K, 0% used [0x427c0000,0x427c0000,0x43480000)
 ParOldGen       total 36352K, used 30873K [0x11000000, 0x13380000, 0x3bac0000)
  object space 36352K, 84% used [0x11000000,0x12e26750,0x13380000)
 Metaspace       used 39997K, capacity 41014K, committed 41088K, reserved 41344K
Event: 46.174 GC heap after
Heap after GC invocations=23 (full 3):
 PSYoungGen      total 123904K, used 0K [0x3bac0000, 0x441c0000, 0x51000000)
  eden space 111616K, 0% used [0x3bac0000,0x3bac0000,0x427c0000)
  from space 12288K, 0% used [0x43480000,0x43480000,0x44080000)
  to   space 13056K, 0% used [0x427c0000,0x427c0000,0x43480000)
 ParOldGen       total 59392K, used 31495K [0x11000000, 0x14a00000, 0x3bac0000)
  object space 59392K, 53% used [0x11000000,0x12ec1c48,0x14a00000)
 Metaspace       used 39966K, capacity 40949K, committed 41088K, reserved 41344K
}
Event: 53.426 GC heap before
{Heap before GC invocations=24 (full 3):
 PSYoungGen      total 123904K, used 111616K [0x3bac0000, 0x441c0000, 0x51000000)
  eden space 111616K, 100% used [0x3bac0000,0x427c0000,0x427c0000)
  from space 12288K, 0% used [0x43480000,0x43480000,0x44080000)
  to   space 13056K, 0% used [0x427c0000,0x427c0000,0x43480000)
 ParOldGen       total 59392K, used 31501K [0x11000000, 0x14a00000, 0x3bac0000)
  object space 59392K, 53% used [0x11000000,0x12ec3628,0x14a00000)
 Metaspace       used 42176K, capacity 43226K, committed 43264K, reserved 43392K
Event: 53.480 GC heap after
Heap after GC invocations=24 (full 3):
 PSYoungGen      total 124672K, used 7404K [0x3bac0000, 0x45400000, 0x51000000)
  eden space 111616K, 0% used [0x3bac0000,0x3bac0000,0x427c0000)
  from space 13056K, 56% used [0x427c0000,0x42efb1e8,0x43480000)
  to   space 13056K, 0% used [0x44740000,0x44740000,0x45400000)
 ParOldGen       total 59392K, used 31505K [0x11000000, 0x14a00000, 0x3bac0000)
  object space 59392K, 53% used [0x11000000,0x12ec4628,0x14a00000)
 Metaspace       used 42176K, capacity 43226K, committed 43264K, reserved 43392K
}
Event: 65.757 GC heap before
{Heap before GC invocations=25 (full 3):
 PSYoungGen      total 124672K, used 119020K [0x3bac0000, 0x45400000, 0x51000000)
  eden space 111616K, 100% used [0x3bac0000,0x427c0000,0x427c0000)
  from space 13056K, 56% used [0x427c0000,0x42efb1e8,0x43480000)
  to   space 13056K, 0% used [0x44740000,0x44740000,0x45400000)
 ParOldGen       total 59392K, used 31505K [0x11000000, 0x14a00000, 0x3bac0000)
  object space 59392K, 53% used [0x11000000,0x12ec4628,0x14a00000)
 Metaspace       used 45889K, capacity 46998K, committed 47104K, reserved 47488K
Event: 66.293 GC heap after
Heap after GC invocations=25 (full 3):
 PSYoungGen      total 139264K, used 13040K [0x3bac0000, 0x46040000, 0x51000000)
  eden space 126208K, 0% used [0x3bac0000,0x3bac0000,0x43600000)
  from space 13056K, 99% used [0x44740000,0x453fc038,0x45400000)
  to   space 17664K, 0% used [0x43600000,0x43600000,0x44740000)
 ParOldGen       total 59392K, used 38402K [0x11000000, 0x14a00000, 0x3bac0000)
  object space 59392K, 64% used [0x11000000,0x13580958,0x14a00000)
 Metaspace       used 45889K, capacity 46998K, committed 47104K, reserved 47488K
}
Event: 91.626 GC heap before
{Heap before GC invocations=26 (full 3):
 PSYoungGen      total 139264K, used 139248K [0x3bac0000, 0x46040000, 0x51000000)
  eden space 126208K, 100% used [0x3bac0000,0x43600000,0x43600000)
  from space 13056K, 99% used [0x44740000,0x453fc038,0x45400000)
  to   space 17664K, 0% used [0x43600000,0x43600000,0x44740000)
 ParOldGen       total 59392K, used 38402K [0x11000000, 0x14a00000, 0x3bac0000)
  object space 59392K, 64% used [0x11000000,0x13580958,0x14a00000)
 Metaspace       used 49603K, capacity 50860K, committed 50944K, reserved 51584K
Event: 92.395 GC heap after
Heap after GC invocations=26 (full 3):
 PSYoungGen      total 143872K, used 8877K [0x3bac0000, 0x47100000, 0x51000000)
  eden space 126208K, 0% used [0x3bac0000,0x3bac0000,0x43600000)
  from space 17664K, 50% used [0x43600000,0x43eab550,0x44740000)
  to   space 17152K, 0% used [0x46040000,0x46040000,0x47100000)
 ParOldGen       total 59392K, used 49309K [0x11000000, 0x14a00000, 0x3bac0000)
  object space 59392K, 83% used [0x11000000,0x140277a8,0x14a00000)
 Metaspace       used 49603K, capacity 50860K, committed 50944K, reserved 51584K
}

