# JRE version: OpenJDK Runtime Environment (8.0_202-b03) (build 1.8.0_202-release-1483-b03)
# Java VM: OpenJDK Server VM (25.202-b03 mixed mode windows-x86 )
Heap:
 PSYoungGen      total 129792K, used 78420K [0x3bec0000, 0x462c0000, 0x51400000)
  eden space 116224K, 55% used [0x3bec0000,0x3fe16718,0x43040000)
  from space 13568K, 99% used [0x43040000,0x43d7ec80,0x43d80000)
  to   space 16384K, 0% used [0x452c0000,0x452c0000,0x462c0000)
 ParOldGen       total 60160K, used 33196K [0x11400000, 0x14ec0000, 0x3bec0000)
  object space 60160K, 55% used [0x11400000,0x1346b0c0,0x14ec0000)
 Metaspace       used 43411K, capacity 44454K, committed 44544K, reserved 45440K
GC Heap History (10 events):
Event: 27.332 GC heap before
{Heap before GC invocations=20 (full 2):
 PSYoungGen      total 85760K, used 78592K [0x3bec0000, 0x42d40000, 0x51400000)
  eden space 78592K, 100% used [0x3bec0000,0x40b80000,0x40b80000)
  from space 7168K, 0% used [0x40b80000,0x40b80000,0x41280000)
  to   space 6912K, 0% used [0x42680000,0x42680000,0x42d40000)
 ParOldGen       total 36352K, used 16735K [0x11400000, 0x13780000, 0x3bec0000)
  object space 36352K, 46% used [0x11400000,0x12457ee8,0x13780000)
 Metaspace       used 30773K, capacity 31390K, committed 31488K, reserved 32128K
Event: 27.383 GC heap after
Heap after GC invocations=20 (full 2):
 PSYoungGen      total 102912K, used 6907K [0x3bec0000, 0x42e00000, 0x51400000)
  eden space 96000K, 0% used [0x3bec0000,0x3bec0000,0x41c80000)
  from space 6912K, 99% used [0x42680000,0x42d3eeb8,0x42d40000)
  to   space 8960K, 0% used [0x41c80000,0x41c80000,0x42540000)
 ParOldGen       total 36352K, used 19639K [0x11400000, 0x13780000, 0x3bec0000)
  object space 36352K, 54% used [0x11400000,0x1272dec8,0x13780000)
 Metaspace       used 30773K, capacity 31390K, committed 31488K, reserved 32128K
}
Event: 32.366 GC heap before
{Heap before GC invocations=21 (full 2):
 PSYoungGen      total 102912K, used 102907K [0x3bec0000, 0x42e00000, 0x51400000)
  eden space 96000K, 100% used [0x3bec0000,0x41c80000,0x41c80000)
  from space 6912K, 99% used [0x42680000,0x42d3eeb8,0x42d40000)
  to   space 8960K, 0% used [0x41c80000,0x41c80000,0x42540000)
 ParOldGen       total 36352K, used 19639K [0x11400000, 0x13780000, 0x3bec0000)
  object space 36352K, 54% used [0x11400000,0x1272dec8,0x13780000)
 Metaspace       used 36933K, capacity 37772K, committed 37888K, reserved 38272K
Event: 32.448 GC heap after
Heap after GC invocations=21 (full 2):
 PSYoungGen      total 104960K, used 8954K [0x3bec0000, 0x44a80000, 0x51400000)
  eden space 96000K, 0% used [0x3bec0000,0x3bec0000,0x41c80000)
  from space 8960K, 99% used [0x41c80000,0x4253e988,0x42540000)
  to   space 13056K, 0% used [0x43dc0000,0x43dc0000,0x44a80000)
 ParOldGen       total 36352K, used 27190K [0x11400000, 0x13780000, 0x3bec0000)
  object space 36352K, 74% used [0x11400000,0x12e8d868,0x13780000)
 Metaspace       used 36933K, capacity 37772K, committed 37888K, reserved 38272K
}
Event: 38.913 GC heap before
{Heap before GC invocations=22 (full 2):
 PSYoungGen      total 104960K, used 104954K [0x3bec0000, 0x44a80000, 0x51400000)
  eden space 96000K, 100% used [0x3bec0000,0x41c80000,0x41c80000)
  from space 8960K, 99% used [0x41c80000,0x4253e988,0x42540000)
  to   space 13056K, 0% used [0x43dc0000,0x43dc0000,0x44a80000)
 ParOldGen       total 36352K, used 27190K [0x11400000, 0x13780000, 0x3bec0000)
  object space 36352K, 74% used [0x11400000,0x12e8d868,0x13780000)
 Metaspace       used 39937K, capacity 40940K, committed 40960K, reserved 41344K
Event: 38.991 GC heap after
Heap after GC invocations=22 (full 2):
 PSYoungGen      total 129280K, used 8675K [0x3bec0000, 0x44ac0000, 0x51400000)
  eden space 116224K, 0% used [0x3bec0000,0x3bec0000,0x43040000)
  from space 13056K, 66% used [0x43dc0000,0x44638ec8,0x44a80000)
  to   space 13568K, 0% used [0x43040000,0x43040000,0x43d80000)
 ParOldGen       total 36352K, used 31078K [0x11400000, 0x13780000, 0x3bec0000)
  object space 36352K, 85% used [0x11400000,0x13259a58,0x13780000)
 Metaspace       used 39937K, capacity 40940K, committed 40960K, reserved 41344K
}
Event: 38.992 GC heap before
{Heap before GC invocations=23 (full 3):
 PSYoungGen      total 129280K, used 8675K [0x3bec0000, 0x44ac0000, 0x51400000)
  eden space 116224K, 0% used [0x3bec0000,0x3bec0000,0x43040000)
  from space 13056K, 66% used [0x43dc0000,0x44638ec8,0x44a80000)
  to   space 13568K, 0% used [0x43040000,0x43040000,0x43d80000)
 ParOldGen       total 36352K, used 31078K [0x11400000, 0x13780000, 0x3bec0000)
  object space 36352K, 85% used [0x11400000,0x13259a58,0x13780000)
 Metaspace       used 39937K, capacity 40940K, committed 40960K, reserved 41344K
Event: 39.625 GC heap after
Heap after GC invocations=23 (full 3):
 PSYoungGen      total 129280K, used 0K [0x3bec0000, 0x44ac0000, 0x51400000)
  eden space 116224K, 0% used [0x3bec0000,0x3bec0000,0x43040000)
  from space 13056K, 0% used [0x43dc0000,0x43dc0000,0x44a80000)
  to   space 13568K, 0% used [0x43040000,0x43040000,0x43d80000)
 ParOldGen       total 60160K, used 31382K [0x11400000, 0x14ec0000, 0x3bec0000)
  object space 60160K, 52% used [0x11400000,0x132a5a30,0x14ec0000)
 Metaspace       used 39916K, capacity 40895K, committed 40960K, reserved 41344K
}
Event: 49.858 GC heap before
{Heap before GC invocations=24 (full 3):
 PSYoungGen      total 129280K, used 116224K [0x3bec0000, 0x44ac0000, 0x51400000)
  eden space 116224K, 100% used [0x3bec0000,0x43040000,0x43040000)
  from space 13056K, 0% used [0x43dc0000,0x43dc0000,0x44a80000)
  to   space 13568K, 0% used [0x43040000,0x43040000,0x43d80000)
 ParOldGen       total 60160K, used 31382K [0x11400000, 0x14ec0000, 0x3bec0000)
  object space 60160K, 52% used [0x11400000,0x132a5a30,0x14ec0000)
 Metaspace       used 42071K, capacity 43129K, committed 43136K, reserved 43392K
Event: 50.027 GC heap after
Heap after GC invocations=24 (full 3):
 PSYoungGen      total 129792K, used 13563K [0x3bec0000, 0x462c0000, 0x51400000)
  eden space 116224K, 0% used [0x3bec0000,0x3bec0000,0x43040000)
  from space 13568K, 99% used [0x43040000,0x43d7ec80,0x43d80000)
  to   space 16384K, 0% used [0x452c0000,0x452c0000,0x462c0000)
 ParOldGen       total 60160K, used 33196K [0x11400000, 0x14ec0000, 0x3bec0000)
  object space 60160K, 55% used [0x11400000,0x1346b0c0,0x14ec0000)
 Metaspace       used 42071K, capacity 43129K, committed 43136K, reserved 43392K
}

