# JRE version: OpenJDK Runtime Environment (8.0_202-b03) (build 1.8.0_202-release-1483-b03)
# Java VM: OpenJDK Server VM (25.202-b03 mixed mode windows-x86 )
Heap:
 PSYoungGen      total 154112K, used 30565K [0x3bec0000, 0x46800000, 0x51400000)
  eden space 139776K, 19% used [0x3bec0000,0x3d9070c8,0x44740000)
  from space 14336K, 25% used [0x456c0000,0x45a526d8,0x464c0000)
  to   space 15872K, 0% used [0x44740000,0x44740000,0x456c0000)
 ParOldGen       total 70400K, used 39388K [0x11400000, 0x158c0000, 0x3bec0000)
  object space 70400K, 55% used [0x11400000,0x13a772d0,0x158c0000)
 Metaspace       used 43413K, capacity 44422K, committed 44544K, reserved 45440K
GC Heap History (10 events):
Event: 30.782 GC heap before
{Heap before GC invocations=17 (full 2):
 PSYoungGen      total 100608K, used 92928K [0x3bec0000, 0x43a80000, 0x51400000)
  eden space 92928K, 100% used [0x3bec0000,0x41980000,0x41980000)
  from space 7680K, 0% used [0x42300000,0x42300000,0x42a80000)
  to   space 9728K, 0% used [0x41980000,0x41980000,0x42300000)
 ParOldGen       total 39424K, used 18749K [0x11400000, 0x13a80000, 0x3bec0000)
  object space 39424K, 47% used [0x11400000,0x1264f448,0x13a80000)
 Metaspace       used 32048K, capacity 32753K, committed 32768K, reserved 33152K
Event: 30.834 GC heap after
Heap after GC invocations=17 (full 2):
 PSYoungGen      total 102656K, used 9719K [0x3bec0000, 0x44a80000, 0x51400000)
  eden space 92928K, 0% used [0x3bec0000,0x3bec0000,0x41980000)
  from space 9728K, 99% used [0x41980000,0x422fddd0,0x42300000)
  to   space 11776K, 0% used [0x43f00000,0x43f00000,0x44a80000)
 ParOldGen       total 39424K, used 20493K [0x11400000, 0x13a80000, 0x3bec0000)
  object space 39424K, 51% used [0x11400000,0x12803698,0x13a80000)
 Metaspace       used 32048K, capacity 32753K, committed 32768K, reserved 33152K
}
Event: 35.655 GC heap before
{Heap before GC invocations=18 (full 2):
 PSYoungGen      total 102656K, used 102647K [0x3bec0000, 0x44a80000, 0x51400000)
  eden space 92928K, 100% used [0x3bec0000,0x41980000,0x41980000)
  from space 9728K, 99% used [0x41980000,0x422fddd0,0x42300000)
  to   space 11776K, 0% used [0x43f00000,0x43f00000,0x44a80000)
 ParOldGen       total 39424K, used 20493K [0x11400000, 0x13a80000, 0x3bec0000)
  object space 39424K, 51% used [0x11400000,0x12803698,0x13a80000)
 Metaspace       used 37439K, capacity 38316K, committed 38400K, reserved 39296K
Event: 35.743 GC heap after
Heap after GC invocations=18 (full 2):
 PSYoungGen      total 130048K, used 10335K [0x3bec0000, 0x44ec0000, 0x51400000)
  eden space 118272K, 0% used [0x3bec0000,0x3bec0000,0x43240000)
  from space 11776K, 87% used [0x43f00000,0x44917e68,0x44a80000)
  to   space 13056K, 0% used [0x43240000,0x43240000,0x43f00000)
 ParOldGen       total 39424K, used 26814K [0x11400000, 0x13a80000, 0x3bec0000)
  object space 39424K, 68% used [0x11400000,0x12e2f980,0x13a80000)
 Metaspace       used 37439K, capacity 38316K, committed 38400K, reserved 39296K
}
Event: 44.766 GC heap before
{Heap before GC invocations=19 (full 2):
 PSYoungGen      total 130048K, used 128607K [0x3bec0000, 0x44ec0000, 0x51400000)
  eden space 118272K, 100% used [0x3bec0000,0x43240000,0x43240000)
  from space 11776K, 87% used [0x43f00000,0x44917e68,0x44a80000)
  to   space 13056K, 0% used [0x43240000,0x43240000,0x43f00000)
 ParOldGen       total 39424K, used 26814K [0x11400000, 0x13a80000, 0x3bec0000)
  object space 39424K, 68% used [0x11400000,0x12e2f980,0x13a80000)
 Metaspace       used 40926K, capacity 41948K, committed 41984K, reserved 42368K
Event: 44.845 GC heap after
Heap after GC invocations=19 (full 2):
 PSYoungGen      total 131328K, used 10688K [0x3bec0000, 0x464c0000, 0x51400000)
  eden space 118272K, 0% used [0x3bec0000,0x3bec0000,0x43240000)
  from space 13056K, 81% used [0x43240000,0x43cb0030,0x43f00000)
  to   space 14336K, 0% used [0x456c0000,0x456c0000,0x464c0000)
 ParOldGen       total 39424K, used 30312K [0x11400000, 0x13a80000, 0x3bec0000)
  object space 39424K, 76% used [0x11400000,0x1319a330,0x13a80000)
 Metaspace       used 40926K, capacity 41948K, committed 41984K, reserved 42368K
}
Event: 55.551 GC heap before
{Heap before GC invocations=20 (full 2):
 PSYoungGen      total 131328K, used 128960K [0x3bec0000, 0x464c0000, 0x51400000)
  eden space 118272K, 100% used [0x3bec0000,0x43240000,0x43240000)
  from space 13056K, 81% used [0x43240000,0x43cb0030,0x43f00000)
  to   space 14336K, 0% used [0x456c0000,0x456c0000,0x464c0000)
 ParOldGen       total 39424K, used 30312K [0x11400000, 0x13a80000, 0x3bec0000)
  object space 39424K, 76% used [0x11400000,0x1319a330,0x13a80000)
 Metaspace       used 43349K, capacity 44423K, committed 44544K, reserved 45440K
Event: 55.688 GC heap after
Heap after GC invocations=20 (full 2):
 PSYoungGen      total 154112K, used 12738K [0x3bec0000, 0x46800000, 0x51400000)
  eden space 139776K, 0% used [0x3bec0000,0x3bec0000,0x44740000)
  from space 14336K, 88% used [0x456c0000,0x46330b80,0x464c0000)
  to   space 15872K, 0% used [0x44740000,0x44740000,0x456c0000)
 ParOldGen       total 39424K, used 37762K [0x11400000, 0x13a80000, 0x3bec0000)
  object space 39424K, 95% used [0x11400000,0x138e0b50,0x13a80000)
 Metaspace       used 43349K, capacity 44423K, committed 44544K, reserved 45440K
}
Event: 55.688 GC heap before
{Heap before GC invocations=21 (full 3):
 PSYoungGen      total 154112K, used 12738K [0x3bec0000, 0x46800000, 0x51400000)
  eden space 139776K, 0% used [0x3bec0000,0x3bec0000,0x44740000)
  from space 14336K, 88% used [0x456c0000,0x46330b80,0x464c0000)
  to   space 15872K, 0% used [0x44740000,0x44740000,0x456c0000)
 ParOldGen       total 39424K, used 37762K [0x11400000, 0x13a80000, 0x3bec0000)
  object space 39424K, 95% used [0x11400000,0x138e0b50,0x13a80000)
 Metaspace       used 43349K, capacity 44423K, committed 44544K, reserved 45440K
Event: 56.529 GC heap after
Heap after GC invocations=21 (full 3):
 PSYoungGen      total 154112K, used 3657K [0x3bec0000, 0x46800000, 0x51400000)
  eden space 139776K, 0% used [0x3bec0000,0x3bec0000,0x44740000)
  from space 14336K, 25% used [0x456c0000,0x45a526d8,0x464c0000)
  to   space 15872K, 0% used [0x44740000,0x44740000,0x456c0000)
 ParOldGen       total 70400K, used 39388K [0x11400000, 0x158c0000, 0x3bec0000)
  object space 70400K, 55% used [0x11400000,0x13a772d0,0x158c0000)
 Metaspace       used 43316K, capacity 44353K, committed 44544K, reserved 45440K
}

