# JRE version: OpenJDK Runtime Environment (8.0_202-b03) (build 1.8.0_202-release-1483-b03)
# Java VM: OpenJDK Server VM (25.202-b03 mixed mode windows-x86 )
Heap:
 PSYoungGen      total 125696K, used 50089K [0x3c4c0000, 0x46040000, 0x51a00000)
  eden space 110848K, 42% used [0x3c4c0000,0x3f2d17d0,0x43100000)
  from space 14848K, 19% used [0x451c0000,0x45498d38,0x46040000)
  to   space 12544K, 0% used [0x43100000,0x43100000,0x43d40000)
 ParOldGen       total 40192K, used 40063K [0x11a00000, 0x14140000, 0x3c4c0000)
  object space 40192K, 99% used [0x11a00000,0x1411fc60,0x14140000)
 Metaspace       used 43243K, capacity 44263K, committed 44416K, reserved 44416K
GC Heap History (10 events):
Event: 31.445 GC heap before
{Heap before GC invocations=17 (full 2):
 PSYoungGen      total 97280K, used 90112K [0x3c4c0000, 0x43e00000, 0x51a00000)
  eden space 90112K, 100% used [0x3c4c0000,0x41cc0000,0x41cc0000)
  from space 7168K, 0% used [0x425c0000,0x425c0000,0x42cc0000)
  to   space 9216K, 0% used [0x41cc0000,0x41cc0000,0x425c0000)
 ParOldGen       total 40192K, used 18603K [0x11a00000, 0x14140000, 0x3c4c0000)
  object space 40192K, 46% used [0x11a00000,0x12c2aec8,0x14140000)
 Metaspace       used 31826K, capacity 32508K, committed 32512K, reserved 33152K
Event: 31.509 GC heap after
Heap after GC invocations=17 (full 2):
 PSYoungGen      total 99328K, used 9200K [0x3c4c0000, 0x44840000, 0x51a00000)
  eden space 90112K, 0% used [0x3c4c0000,0x3c4c0000,0x41cc0000)
  from space 9216K, 99% used [0x41cc0000,0x425bc068,0x425c0000)
  to   space 11264K, 0% used [0x43d40000,0x43d40000,0x44840000)
 ParOldGen       total 40192K, used 20336K [0x11a00000, 0x14140000, 0x3c4c0000)
  object space 40192K, 50% used [0x11a00000,0x12ddc300,0x14140000)
 Metaspace       used 31826K, capacity 32508K, committed 32512K, reserved 33152K
}
Event: 36.314 GC heap before
{Heap before GC invocations=18 (full 2):
 PSYoungGen      total 99328K, used 99312K [0x3c4c0000, 0x44840000, 0x51a00000)
  eden space 90112K, 100% used [0x3c4c0000,0x41cc0000,0x41cc0000)
  from space 9216K, 99% used [0x41cc0000,0x425bc068,0x425c0000)
  to   space 11264K, 0% used [0x43d40000,0x43d40000,0x44840000)
 ParOldGen       total 40192K, used 20336K [0x11a00000, 0x14140000, 0x3c4c0000)
  object space 40192K, 50% used [0x11a00000,0x12ddc300,0x14140000)
 Metaspace       used 37026K, capacity 37837K, committed 37888K, reserved 38272K
Event: 36.386 GC heap after
Heap after GC invocations=18 (full 2):
 PSYoungGen      total 122112K, used 9958K [0x3c4c0000, 0x44bc0000, 0x51a00000)
  eden space 110848K, 0% used [0x3c4c0000,0x3c4c0000,0x43100000)
  from space 11264K, 88% used [0x43d40000,0x446f9880,0x44840000)
  to   space 12544K, 0% used [0x43100000,0x43100000,0x43d40000)
 ParOldGen       total 40192K, used 26485K [0x11a00000, 0x14140000, 0x3c4c0000)
  object space 40192K, 65% used [0x11a00000,0x133dd5a8,0x14140000)
 Metaspace       used 37026K, capacity 37837K, committed 37888K, reserved 38272K
}
Event: 44.878 GC heap before
{Heap before GC invocations=19 (full 2):
 PSYoungGen      total 122112K, used 120806K [0x3c4c0000, 0x44bc0000, 0x51a00000)
  eden space 110848K, 100% used [0x3c4c0000,0x43100000,0x43100000)
  from space 11264K, 88% used [0x43d40000,0x446f9880,0x44840000)
  to   space 12544K, 0% used [0x43100000,0x43100000,0x43d40000)
 ParOldGen       total 40192K, used 26485K [0x11a00000, 0x14140000, 0x3c4c0000)
  object space 40192K, 65% used [0x11a00000,0x133dd5a8,0x14140000)
 Metaspace       used 40124K, capacity 41129K, committed 41216K, reserved 41344K
Event: 44.981 GC heap after
Heap after GC invocations=19 (full 2):
 PSYoungGen      total 123392K, used 12529K [0x3c4c0000, 0x46040000, 0x51a00000)
  eden space 110848K, 0% used [0x3c4c0000,0x3c4c0000,0x43100000)
  from space 12544K, 99% used [0x43100000,0x43d3c588,0x43d40000)
  to   space 14848K, 0% used [0x451c0000,0x451c0000,0x46040000)
 ParOldGen       total 40192K, used 27088K [0x11a00000, 0x14140000, 0x3c4c0000)
  object space 40192K, 67% used [0x11a00000,0x13474090,0x14140000)
 Metaspace       used 40124K, capacity 41129K, committed 41216K, reserved 41344K
}
Event: 55.297 GC heap before
{Heap before GC invocations=20 (full 2):
 PSYoungGen      total 123392K, used 123377K [0x3c4c0000, 0x46040000, 0x51a00000)
  eden space 110848K, 100% used [0x3c4c0000,0x43100000,0x43100000)
  from space 12544K, 99% used [0x43100000,0x43d3c588,0x43d40000)
  to   space 14848K, 0% used [0x451c0000,0x451c0000,0x46040000)
 ParOldGen       total 40192K, used 27088K [0x11a00000, 0x14140000, 0x3c4c0000)
  object space 40192K, 67% used [0x11a00000,0x13474090,0x14140000)
 Metaspace       used 43072K, capacity 44121K, committed 44160K, reserved 44416K
Event: 55.542 GC heap after
Heap after GC invocations=20 (full 2):
 PSYoungGen      total 125696K, used 13599K [0x3c4c0000, 0x46040000, 0x51a00000)
  eden space 110848K, 0% used [0x3c4c0000,0x3c4c0000,0x43100000)
  from space 14848K, 91% used [0x451c0000,0x45f07c20,0x46040000)
  to   space 12544K, 0% used [0x43100000,0x43100000,0x43d40000)
 ParOldGen       total 40192K, used 37367K [0x11a00000, 0x14140000, 0x3c4c0000)
  object space 40192K, 92% used [0x11a00000,0x13e7df48,0x14140000)
 Metaspace       used 43072K, capacity 44121K, committed 44160K, reserved 44416K
}
Event: 55.542 GC heap before
{Heap before GC invocations=21 (full 3):
 PSYoungGen      total 125696K, used 13599K [0x3c4c0000, 0x46040000, 0x51a00000)
  eden space 110848K, 0% used [0x3c4c0000,0x3c4c0000,0x43100000)
  from space 14848K, 91% used [0x451c0000,0x45f07c20,0x46040000)
  to   space 12544K, 0% used [0x43100000,0x43100000,0x43d40000)
 ParOldGen       total 40192K, used 37367K [0x11a00000, 0x14140000, 0x3c4c0000)
  object space 40192K, 92% used [0x11a00000,0x13e7df48,0x14140000)
 Metaspace       used 43072K, capacity 44121K, committed 44160K, reserved 44416K
Event: 57.126 GC heap after
Heap after GC invocations=21 (full 3):
 PSYoungGen      total 125696K, used 2915K [0x3c4c0000, 0x46040000, 0x51a00000)
  eden space 110848K, 0% used [0x3c4c0000,0x3c4c0000,0x43100000)
  from space 14848K, 19% used [0x451c0000,0x45498d38,0x46040000)
  to   space 12544K, 0% used [0x43100000,0x43100000,0x43d40000)
 ParOldGen       total 40192K, used 40063K [0x11a00000, 0x14140000, 0x3c4c0000)
  object space 40192K, 99% used [0x11a00000,0x1411fc60,0x14140000)
 Metaspace       used 43032K, capacity 44031K, committed 44160K, reserved 44416K
}

