# JRE version: OpenJDK Runtime Environment (8.0_202-b03) (build 1.8.0_202-release-1483-b03)
# Java VM: OpenJDK Server VM (25.202-b03 mixed mode windows-x86 )
Heap:
 PSYoungGen      total 143616K, used 57365K [0x3c2c0000, 0x46300000, 0x51800000)
  eden space 128768K, 42% used [0x3c2c0000,0x3f8c33d8,0x44080000)
  from space 14848K, 13% used [0x450c0000,0x452c23b0,0x45f40000)
  to   space 16640K, 0% used [0x44080000,0x44080000,0x450c0000)
 ParOldGen       total 40704K, used 40614K [0x11800000, 0x13fc0000, 0x3c2c0000)
  object space 40704K, 99% used [0x11800000,0x13fa9960,0x13fc0000)
 Metaspace       used 43439K, capacity 44454K, committed 44544K, reserved 45440K
GC Heap History (10 events):
Event: 28.265 GC heap before
{Heap before GC invocations=17 (full 2):
 PSYoungGen      total 96768K, used 89600K [0x3c2c0000, 0x43c80000, 0x51800000)
  eden space 89600K, 100% used [0x3c2c0000,0x41a40000,0x41a40000)
  from space 7168K, 0% used [0x42340000,0x42340000,0x42a40000)
  to   space 9216K, 0% used [0x41a40000,0x41a40000,0x42340000)
 ParOldGen       total 40704K, used 18669K [0x11800000, 0x13fc0000, 0x3c2c0000)
  object space 40704K, 45% used [0x11800000,0x12a3b428,0x13fc0000)
 Metaspace       used 31194K, capacity 31842K, committed 31872K, reserved 32128K
Event: 28.323 GC heap after
Heap after GC invocations=17 (full 2):
 PSYoungGen      total 98816K, used 9208K [0x3c2c0000, 0x44640000, 0x51800000)
  eden space 89600K, 0% used [0x3c2c0000,0x3c2c0000,0x41a40000)
  from space 9216K, 99% used [0x41a40000,0x4233e0a8,0x42340000)
  to   space 11264K, 0% used [0x43b40000,0x43b40000,0x44640000)
 ParOldGen       total 40704K, used 20263K [0x11800000, 0x13fc0000, 0x3c2c0000)
  object space 40704K, 49% used [0x11800000,0x12bc9ec0,0x13fc0000)
 Metaspace       used 31194K, capacity 31842K, committed 31872K, reserved 32128K
}
Event: 32.956 GC heap before
{Heap before GC invocations=18 (full 2):
 PSYoungGen      total 98816K, used 98808K [0x3c2c0000, 0x44640000, 0x51800000)
  eden space 89600K, 100% used [0x3c2c0000,0x41a40000,0x41a40000)
  from space 9216K, 99% used [0x41a40000,0x4233e0a8,0x42340000)
  to   space 11264K, 0% used [0x43b40000,0x43b40000,0x44640000)
 ParOldGen       total 40704K, used 20263K [0x11800000, 0x13fc0000, 0x3c2c0000)
  object space 40704K, 49% used [0x11800000,0x12bc9ec0,0x13fc0000)
 Metaspace       used 37163K, capacity 38028K, committed 38144K, reserved 38272K
Event: 33.057 GC heap after
Heap after GC invocations=18 (full 2):
 PSYoungGen      total 122112K, used 10346K [0x3c2c0000, 0x44b00000, 0x51800000)
  eden space 110848K, 0% used [0x3c2c0000,0x3c2c0000,0x42f00000)
  from space 11264K, 91% used [0x43b40000,0x4455ab90,0x44640000)
  to   space 12544K, 0% used [0x42f00000,0x42f00000,0x43b40000)
 ParOldGen       total 40704K, used 26404K [0x11800000, 0x13fc0000, 0x3c2c0000)
  object space 40704K, 64% used [0x11800000,0x131c9168,0x13fc0000)
 Metaspace       used 37163K, capacity 38028K, committed 38144K, reserved 38272K
}
Event: 40.365 GC heap before
{Heap before GC invocations=19 (full 2):
 PSYoungGen      total 122112K, used 121194K [0x3c2c0000, 0x44b00000, 0x51800000)
  eden space 110848K, 100% used [0x3c2c0000,0x42f00000,0x42f00000)
  from space 11264K, 91% used [0x43b40000,0x4455ab90,0x44640000)
  to   space 12544K, 0% used [0x42f00000,0x42f00000,0x43b40000)
 ParOldGen       total 40704K, used 26404K [0x11800000, 0x13fc0000, 0x3c2c0000)
  object space 40704K, 64% used [0x11800000,0x131c9168,0x13fc0000)
 Metaspace       used 40268K, capacity 41295K, committed 41344K, reserved 41344K
Event: 40.433 GC heap after
Heap after GC invocations=19 (full 2):
 PSYoungGen      total 123392K, used 12533K [0x3c2c0000, 0x45f40000, 0x51800000)
  eden space 110848K, 0% used [0x3c2c0000,0x3c2c0000,0x42f00000)
  from space 12544K, 99% used [0x42f00000,0x43b3d6a0,0x43b40000)
  to   space 14848K, 0% used [0x450c0000,0x450c0000,0x45f40000)
 ParOldGen       total 40704K, used 26766K [0x11800000, 0x13fc0000, 0x3c2c0000)
  object space 40704K, 65% used [0x11800000,0x132238d0,0x13fc0000)
 Metaspace       used 40268K, capacity 41295K, committed 41344K, reserved 41344K
}
Event: 49.426 GC heap before
{Heap before GC invocations=20 (full 2):
 PSYoungGen      total 123392K, used 123381K [0x3c2c0000, 0x45f40000, 0x51800000)
  eden space 110848K, 100% used [0x3c2c0000,0x42f00000,0x42f00000)
  from space 12544K, 99% used [0x42f00000,0x43b3d6a0,0x43b40000)
  to   space 14848K, 0% used [0x450c0000,0x450c0000,0x45f40000)
 ParOldGen       total 40704K, used 26766K [0x11800000, 0x13fc0000, 0x3c2c0000)
  object space 40704K, 65% used [0x11800000,0x132238d0,0x13fc0000)
 Metaspace       used 43222K, capacity 44255K, committed 44288K, reserved 44416K
Event: 49.559 GC heap after
Heap after GC invocations=20 (full 2):
 PSYoungGen      total 143616K, used 13480K [0x3c2c0000, 0x46300000, 0x51800000)
  eden space 128768K, 0% used [0x3c2c0000,0x3c2c0000,0x44080000)
  from space 14848K, 90% used [0x450c0000,0x45dea320,0x45f40000)
  to   space 16640K, 0% used [0x44080000,0x44080000,0x450c0000)
 ParOldGen       total 40704K, used 36831K [0x11800000, 0x13fc0000, 0x3c2c0000)
  object space 40704K, 90% used [0x11800000,0x13bf7e40,0x13fc0000)
 Metaspace       used 43222K, capacity 44255K, committed 44288K, reserved 44416K
}
Event: 49.559 GC heap before
{Heap before GC invocations=21 (full 3):
 PSYoungGen      total 143616K, used 13480K [0x3c2c0000, 0x46300000, 0x51800000)
  eden space 128768K, 0% used [0x3c2c0000,0x3c2c0000,0x44080000)
  from space 14848K, 90% used [0x450c0000,0x45dea320,0x45f40000)
  to   space 16640K, 0% used [0x44080000,0x44080000,0x450c0000)
 ParOldGen       total 40704K, used 36831K [0x11800000, 0x13fc0000, 0x3c2c0000)
  object space 40704K, 90% used [0x11800000,0x13bf7e40,0x13fc0000)
 Metaspace       used 43222K, capacity 44255K, committed 44288K, reserved 44416K
Event: 50.372 GC heap after
Heap after GC invocations=21 (full 3):
 PSYoungGen      total 143616K, used 2056K [0x3c2c0000, 0x46300000, 0x51800000)
  eden space 128768K, 0% used [0x3c2c0000,0x3c2c0000,0x44080000)
  from space 14848K, 13% used [0x450c0000,0x452c23b0,0x45f40000)
  to   space 16640K, 0% used [0x44080000,0x44080000,0x450c0000)
 ParOldGen       total 40704K, used 40614K [0x11800000, 0x13fc0000, 0x3c2c0000)
  object space 40704K, 99% used [0x11800000,0x13fa9960,0x13fc0000)
 Metaspace       used 43192K, capacity 44190K, committed 44288K, reserved 44416K
}

